#
# There is insufficient memory for the Java Runtime Environment to continue.
# Native memory allocation (malloc) failed to allocate 1661536 bytes for Chunk::new
# Possible reasons:
#   The system is out of physical RAM or swap space
#   In 32 bit mode, the process size limit was hit
# Possible solutions:
#   Reduce memory load on the system
#   Increase physical memory or swap space
#   Check if swap backing store is full
#   Use 64 bit Java on a 64 bit OS
#   Decrease Java heap size (-Xmx/-Xms)
#   Decrease number of Java threads
#   Decrease Java thread stack sizes (-Xss)
#   Set larger code cache with -XX:ReservedCodeCacheSize=
# This output file may be truncated or incomplete.
#
#  Out of Memory Error (allocation.cpp:390), pid=7056, tid=6672
#
# JRE version: Java(TM) SE Runtime Environment (8.0_45-b15) (build 1.8.0_45-b15)
# Java VM: Java HotSpot(TM) 64-Bit Server VM (25.45-b02 mixed mode windows-amd64 compressed oops)
# Failed to write core dump. Minidumps are not enabled by default on client versions of Windows
#

---------------  T H R E A D  ---------------

Current thread (0x0000000054e56800):  JavaThread "C2 CompilerThread0" daemon [_thread_in_native, id=6672, stack(0x0000000056ec0000,0x0000000056fc0000)]

Stack: [0x0000000056ec0000,0x0000000056fc0000]
Native frames: (J=compiled Java code, j=interpreted, Vv=VM code, C=native code)
V  [jvm.dll+0x32b57a]


Current CompileTask:
C2:   4544 1989       4       java.net.URLClassLoader$1::run (5 bytes)


---------------  P R O C E S S  ---------------

Java Threads: ( => current thread )
  0x0000000057146800 JavaThread "Service Thread" daemon [_thread_blocked, id=9864, stack(0x00000000576f0000,0x00000000577f0000)]
  0x0000000054e5f800 JavaThread "C1 CompilerThread2" daemon [_thread_blocked, id=10812, stack(0x00000000575a0000,0x00000000576a0000)]
  0x0000000054e5e000 JavaThread "C2 CompilerThread1" daemon [_thread_in_native, id=10532, stack(0x0000000056ff0000,0x00000000570f0000)]
=>0x0000000054e56800 JavaThread "C2 CompilerThread0" daemon [_thread_in_native, id=6672, stack(0x0000000056ec0000,0x0000000056fc0000)]
  0x0000000054e52000 JavaThread "Attach Listener" daemon [_thread_blocked, id=8952, stack(0x0000000056010000,0x0000000056110000)]
  0x0000000054e50800 JavaThread "Signal Dispatcher" daemon [_thread_blocked, id=10820, stack(0x0000000056bd0000,0x0000000056cd0000)]
  0x0000000054df8000 JavaThread "Finalizer" daemon [_thread_blocked, id=9532, stack(0x00000000561d0000,0x00000000562d0000)]
  0x0000000054df1000 JavaThread "Reference Handler" daemon [_thread_blocked, id=10328, stack(0x0000000055dc0000,0x0000000055ec0000)]
  0x00000000022ae000 JavaThread "main" [_thread_in_native, id=10600, stack(0x0000000002520000,0x0000000002620000)]

Other Threads:
  0x0000000054deb800 VMThread [stack: 0x0000000055f00000,0x0000000056000000] [id=5920]
  0x000000005714a000 WatcherThread [stack: 0x0000000057880000,0x0000000057980000] [id=5484]

VM state:not at safepoint (normal execution)

VM Mutex/Monitor currently owned by a thread: None

Heap:
 PSYoungGen      total 33280K, used 18157K [0x00000000ec600000, 0x00000000ee900000, 0x0000000100000000)
  eden space 30720K, 50% used [0x00000000ec600000,0x00000000ed541d80,0x00000000ee400000)
  from space 2560K, 99% used [0x00000000ee400000,0x00000000ee679a68,0x00000000ee680000)
  to   space 2560K, 0% used [0x00000000ee680000,0x00000000ee680000,0x00000000ee900000)
 ParOldGen       total 33280K, used 8183K [0x00000000c5200000, 0x00000000c7280000, 0x00000000ec600000)
  object space 33280K, 24% used [0x00000000c5200000,0x00000000c59fdd48,0x00000000c7280000)
 Metaspace       used 26680K, capacity 26976K, committed 27392K, reserved 1073152K
  class space    used 3405K, capacity 3503K, committed 3584K, reserved 1048576K

Card table byte_map: [0x0000000011cb0000,0x0000000011e90000] byte_map_base: 0x0000000011687000

Marking Bits: (ParMarkBitMap*) 0x0000000056b24040
 Begin Bits: [0x0000000012510000, 0x00000000133c8000)
 End Bits:   [0x00000000133c8000, 0x0000000014280000)

Polling page: 0x0000000000240000

CodeCache: size=245760Kb used=6204Kb max_used=6270Kb free=239555Kb
 bounds [0x00000000028f0000, 0x0000000002f20000, 0x00000000118f0000]
 total_blobs=2432 nmethods=1995 adapters=350
 compilation: enabled

Compilation events (10 events):
Event: 4.497 Thread 0x0000000054e5f800 2002       2       org.eclipse.jetty.util.ConcurrentArrayQueue$Block::head (11 bytes)
Event: 4.497 Thread 0x0000000054e5f800 nmethod 2002 0x0000000002f11f10 code [0x0000000002f12080, 0x0000000002f12208]
Event: 4.497 Thread 0x0000000054e5f800 2005       2       org.eclipse.jetty.util.component.AbstractLifeCycle::isStopping (14 bytes)
Event: 4.498 Thread 0x0000000054e5f800 nmethod 2005 0x0000000002f122d0 code [0x0000000002f12420, 0x0000000002f12590]
Event: 4.507 Thread 0x0000000054e5f800 2011       3       ch.qos.logback.classic.Logger::callTurboFilters (14 bytes)
Event: 4.508 Thread 0x0000000054e5f800 nmethod 2011 0x0000000002f12610 code [0x0000000002f127a0, 0x0000000002f12c88]
Event: 4.515 Thread 0x0000000054e5f800 2012       3       sun.misc.URLClassPath::findResource (47 bytes)
Event: 4.515 Thread 0x0000000054e5f800 nmethod 2012 0x0000000002a36890 code [0x0000000002a36a20, 0x0000000002a36dc8]
Event: 4.528 Thread 0x0000000054e5f800 2013       1       java.io.ExpiringCache::access$000 (5 bytes)
Event: 4.528 Thread 0x0000000054e5f800 nmethod 2013 0x00000000029f3750 code [0x00000000029f38a0, 0x00000000029f3990]

GC Heap History (10 events):
Event: 1.543 GC heap before
{Heap before GC invocations=4 (full 0):
 PSYoungGen      total 17920K, used 17902K [0x00000000ec600000, 0x00000000ee900000, 0x0000000100000000)
  eden space 15360K, 100% used [0x00000000ec600000,0x00000000ed500000,0x00000000ed500000)
  from space 2560K, 99% used [0x00000000ed500000,0x00000000ed77b830,0x00000000ed780000)
  to   space 2560K, 0% used [0x00000000ee680000,0x00000000ee680000,0x00000000ee900000)
 ParOldGen       total 40960K, used 2249K [0x00000000c5200000, 0x00000000c7a00000, 0x00000000ec600000)
  object space 40960K, 5% used [0x00000000c5200000,0x00000000c5432450,0x00000000c7a00000)
 Metaspace       used 12338K, capacity 12566K, committed 12672K, reserved 1060864K
  class space    used 1587K, capacity 1625K, committed 1664K, reserved 1048576K
Event: 1.551 GC heap after
Heap after GC invocations=4 (full 0):
 PSYoungGen      total 33280K, used 2553K [0x00000000ec600000, 0x00000000ee900000, 0x0000000100000000)
  eden space 30720K, 0% used [0x00000000ec600000,0x00000000ec600000,0x00000000ee400000)
  from space 2560K, 99% used [0x00000000ee680000,0x00000000ee8fe7e8,0x00000000ee900000)
  to   space 2560K, 0% used [0x00000000ee400000,0x00000000ee400000,0x00000000ee680000)
 ParOldGen       total 40960K, used 4403K [0x00000000c5200000, 0x00000000c7a00000, 0x00000000ec600000)
  object space 40960K, 10% used [0x00000000c5200000,0x00000000c564cd68,0x00000000c7a00000)
 Metaspace       used 12338K, capacity 12566K, committed 12672K, reserved 1060864K
  class space    used 1587K, capacity 1625K, committed 1664K, reserved 1048576K
}
Event: 2.208 GC heap before
{Heap before GC invocations=5 (full 0):
 PSYoungGen      total 33280K, used 33273K [0x00000000ec600000, 0x00000000ee900000, 0x0000000100000000)
  eden space 30720K, 100% used [0x00000000ec600000,0x00000000ee400000,0x00000000ee400000)
  from space 2560K, 99% used [0x00000000ee680000,0x00000000ee8fe7e8,0x00000000ee900000)
  to   space 2560K, 0% used [0x00000000ee400000,0x00000000ee400000,0x00000000ee680000)
 ParOldGen       total 40960K, used 4403K [0x00000000c5200000, 0x00000000c7a00000, 0x00000000ec600000)
  object space 40960K, 10% used [0x00000000c5200000,0x00000000c564cd68,0x00000000c7a00000)
 Metaspace       used 16638K, capacity 16840K, committed 17024K, reserved 1064960K
  class space    used 2076K, capacity 2108K, committed 2176K, reserved 1048576K
Event: 2.219 GC heap after
Heap after GC invocations=5 (full 0):
 PSYoungGen      total 33280K, used 2536K [0x00000000ec600000, 0x00000000ee900000, 0x0000000100000000)
  eden space 30720K, 0% used [0x00000000ec600000,0x00000000ec600000,0x00000000ee400000)
  from space 2560K, 99% used [0x00000000ee400000,0x00000000ee67a0c0,0x00000000ee680000)
  to   space 2560K, 0% used [0x00000000ee680000,0x00000000ee680000,0x00000000ee900000)
 ParOldGen       total 40960K, used 8863K [0x00000000c5200000, 0x00000000c7a00000, 0x00000000ec600000)
  object space 40960K, 21% used [0x00000000c5200000,0x00000000c5aa7db8,0x00000000c7a00000)
 Metaspace       used 16638K, capacity 16840K, committed 17024K, reserved 1064960K
  class space    used 2076K, capacity 2108K, committed 2176K, reserved 1048576K
}
Event: 3.383 GC heap before
{Heap before GC invocations=6 (full 0):
 PSYoungGen      total 33280K, used 24872K [0x00000000ec600000, 0x00000000ee900000, 0x0000000100000000)
  eden space 30720K, 72% used [0x00000000ec600000,0x00000000edbd00e8,0x00000000ee400000)
  from space 2560K, 99% used [0x00000000ee400000,0x00000000ee67a0c0,0x00000000ee680000)
  to   space 2560K, 0% used [0x00000000ee680000,0x00000000ee680000,0x00000000ee900000)
 ParOldGen       total 40960K, used 8863K [0x00000000c5200000, 0x00000000c7a00000, 0x00000000ec600000)
  object space 40960K, 21% used [0x00000000c5200000,0x00000000c5aa7db8,0x00000000c7a00000)
 Metaspace       used 20867K, capacity 21110K, committed 21296K, reserved 1069056K
  class space    used 2612K, capacity 2659K, committed 2688K, reserved 1048576K
Event: 3.391 GC heap after
Heap after GC invocations=6 (full 0):
 PSYoungGen      total 33280K, used 2548K [0x00000000ec600000, 0x00000000ee900000, 0x0000000100000000)
  eden space 30720K, 0% used [0x00000000ec600000,0x00000000ec600000,0x00000000ee400000)
  from space 2560K, 99% used [0x00000000ee680000,0x00000000ee8fd048,0x00000000ee900000)
  to   space 2560K, 0% used [0x00000000ee400000,0x00000000ee400000,0x00000000ee680000)
 ParOldGen       total 40960K, used 11251K [0x00000000c5200000, 0x00000000c7a00000, 0x00000000ec600000)
  object space 40960K, 27% used [0x00000000c5200000,0x00000000c5cfcf18,0x00000000c7a00000)
 Metaspace       used 20867K, capacity 21110K, committed 21296K, reserved 1069056K
  class space    used 2612K, capacity 2659K, committed 2688K, reserved 1048576K
}
Event: 3.391 GC heap before
{Heap before GC invocations=7 (full 1):
 PSYoungGen      total 33280K, used 2548K [0x00000000ec600000, 0x00000000ee900000, 0x0000000100000000)
  eden space 30720K, 0% used [0x00000000ec600000,0x00000000ec600000,0x00000000ee400000)
  from space 2560K, 99% used [0x00000000ee680000,0x00000000ee8fd048,0x00000000ee900000)
  to   space 2560K, 0% used [0x00000000ee400000,0x00000000ee400000,0x00000000ee680000)
 ParOldGen       total 40960K, used 11251K [0x00000000c5200000, 0x00000000c7a00000, 0x00000000ec600000)
  object space 40960K, 27% used [0x00000000c5200000,0x00000000c5cfcf18,0x00000000c7a00000)
 Metaspace       used 20867K, capacity 21110K, committed 21296K, reserved 1069056K
  class space    used 2612K, capacity 2659K, committed 2688K, reserved 1048576K
Event: 3.435 GC heap after
Heap after GC invocations=7 (full 1):
 PSYoungGen      total 33280K, used 0K [0x00000000ec600000, 0x00000000ee900000, 0x0000000100000000)
  eden space 30720K, 0% used [0x00000000ec600000,0x00000000ec600000,0x00000000ee400000)
  from space 2560K, 0% used [0x00000000ee680000,0x00000000ee680000,0x00000000ee900000)
  to   space 2560K, 0% used [0x00000000ee400000,0x00000000ee400000,0x00000000ee680000)
 ParOldGen       total 33280K, used 5959K [0x00000000c5200000, 0x00000000c7280000, 0x00000000ec600000)
  object space 33280K, 17% used [0x00000000c5200000,0x00000000c57d1c40,0x00000000c7280000)
 Metaspace       used 20867K, capacity 21110K, committed 21296K, reserved 1069056K
  class space    used 2612K, capacity 2659K, committed 2688K, reserved 1048576K
}
Event: 4.078 GC heap before
{Heap before GC invocations=8 (full 1):
 PSYoungGen      total 33280K, used 30703K [0x00000000ec600000, 0x00000000ee900000, 0x0000000100000000)
  eden space 30720K, 99% used [0x00000000ec600000,0x00000000ee3fbe38,0x00000000ee400000)
  from space 2560K, 0% used [0x00000000ee680000,0x00000000ee680000,0x00000000ee900000)
  to   space 2560K, 0% used [0x00000000ee400000,0x00000000ee400000,0x00000000ee680000)
 ParOldGen       total 33280K, used 5959K [0x00000000c5200000, 0x00000000c7280000, 0x00000000ec600000)
  object space 33280K, 17% used [0x00000000c5200000,0x00000000c57d1c40,0x00000000c7280000)
 Metaspace       used 25223K, capacity 25464K, committed 25728K, reserved 1071104K
  class space    used 3239K, capacity 3340K, committed 3456K, reserved 1048576K
Event: 4.086 GC heap after
Heap after GC invocations=8 (full 1):
 PSYoungGen      total 33280K, used 2534K [0x00000000ec600000, 0x00000000ee900000, 0x0000000100000000)
  eden space 30720K, 0% used [0x00000000ec600000,0x00000000ec600000,0x00000000ee400000)
  from space 2560K, 99% used [0x00000000ee400000,0x00000000ee679a68,0x00000000ee680000)
  to   space 2560K, 0% used [0x00000000ee680000,0x00000000ee680000,0x00000000ee900000)
 ParOldGen       total 33280K, used 8183K [0x00000000c5200000, 0x00000000c7280000, 0x00000000ec600000)
  object space 33280K, 24% used [0x00000000c5200000,0x00000000c59fdd48,0x00000000c7280000)
 Metaspace       used 25223K, capacity 25464K, committed 25728K, reserved 1071104K
  class space    used 3239K, capacity 3340K, committed 3456K, reserved 1048576K
}

Deoptimization events (10 events):
Event: 3.280 Thread 0x00000000022ae000 Uncommon trap: reason=predicate action=maybe_recompile pc=0x0000000002be1f78 method=java.lang.String.regionMatches(ZILjava/lang/String;II)Z @ 63
Event: 3.450 Thread 0x00000000022ae000 Uncommon trap: reason=unstable_if action=reinterpret pc=0x0000000002bec9ec method=java.lang.CharacterDataLatin1.isWhitespace(I)Z @ 14
Event: 3.653 Thread 0x00000000022ae000 Uncommon trap: reason=unstable_if action=reinterpret pc=0x0000000002dede94 method=java.lang.CharacterDataLatin1.digit(II)I @ 82
Event: 3.752 Thread 0x0000000057e65800 Uncommon trap: reason=unstable_if action=reinterpret pc=0x0000000002e47b9c method=sun.util.calendar.ZoneInfo.getOffsets(J[II)I @ 4
Event: 4.072 Thread 0x000000005819a000 Uncommon trap: reason=unstable_if action=reinterpret pc=0x0000000002e43724 method=java.util.Properties$LineReader.readLine()I @ 457
Event: 4.072 Thread 0x000000005819a000 Uncommon trap: reason=unstable_if action=reinterpret pc=0x0000000002d4337c method=java.util.Properties$LineReader.readLine()I @ 457
Event: 4.074 Thread 0x000000005819a000 Uncommon trap: reason=unstable_if action=reinterpret pc=0x0000000002b111d0 method=java.lang.AbstractStringBuilder.append(Ljava/lang/String;)Ljava/lang/AbstractStringBuilder; @ 1
Event: 4.074 Thread 0x000000005819a000 Uncommon trap: reason=unstable_if action=reinterpret pc=0x0000000002ade0fc method=java.lang.AbstractStringBuilder.append(Ljava/lang/String;)Ljava/lang/AbstractStringBuilder; @ 1
Event: 4.335 Thread 0x00000000022ae000 Uncommon trap: reason=unstable_if action=reinterpret pc=0x0000000002ddef44 method=java.lang.CharacterDataLatin1.digit(II)I @ 82
Event: 4.349 Thread 0x00000000589fb000 Uncommon trap: reason=unstable_if action=reinterpret pc=0x0000000002f00448 method=java.util.regex.Pattern$BmpCharProperty.match(Ljava/util/regex/Matcher;ILjava/lang/CharSequence;)Z @ 34

Internal exceptions (10 events):
Event: 1.410 Thread 0x00000000022ae000 Exception <a 'java/lang/ArrayIndexOutOfBoundsException': 40> (0x00000000ecf11ac8) thrown at [C:\re\workspace\8-2-build-windows-amd64-cygwin\jdk8u45\3627\hotspot\src\share\vm\interpreter\interpreterRuntime.cpp, line 366]
Event: 3.312 Thread 0x00000000022ae000 Exception <a 'java/lang/NoSuchFieldError': method resolution failed> (0x00000000ed7a9db8) thrown at [C:\re\workspace\8-2-build-windows-amd64-cygwin\jdk8u45\3627\hotspot\src\share\vm\prims\methodHandles.cpp, line 1125]
Event: 3.314 Thread 0x00000000022ae000 Exception <a 'java/lang/NoSuchFieldError': method resolution failed> (0x00000000ed7b8a08) thrown at [C:\re\workspace\8-2-build-windows-amd64-cygwin\jdk8u45\3627\hotspot\src\share\vm\prims\methodHandles.cpp, line 1125]
Event: 3.752 Thread 0x0000000057e65800 Implicit null exception at 0x0000000002e4784d to 0x0000000002e47b7d
Event: 4.042 Thread 0x000000005819a000 Exception <a 'java/lang/NoClassDefFoundError': org/python/core/PyException> (0x00000000ee247c90) thrown at [C:\re\workspace\8-2-build-windows-amd64-cygwin\jdk8u45\3627\hotspot\src\share\vm\classfile\systemDictionary.cpp, line 199]
Event: 4.074 Thread 0x000000005819a000 Implicit null exception at 0x0000000002b10e86 to 0x0000000002b111b9
Event: 4.074 Thread 0x000000005819a000 Implicit null exception at 0x0000000002adddc6 to 0x0000000002ade0e5
Event: 4.170 Thread 0x00000000022ae000 Exception <a 'java/lang/reflect/InvocationTargetException'> (0x00000000ec9adcf0) thrown at [C:\re\workspace\8-2-build-windows-amd64-cygwin\jdk8u45\3627\hotspot\src\share\vm\runtime\reflection.cpp, line 1080]
Event: 4.186 Thread 0x000000005863d800 Exception <a 'java/io/IOException'> (0x00000000eca25410) thrown at [C:\re\workspace\8-2-build-windows-amd64-cygwin\jdk8u45\3627\hotspot\src\share\vm\prims\jni.cpp, line 709]
Event: 4.483 Thread 0x00000000589fa000 Exception <a 'java/io/IOException'> (0x00000000ece93b08) thrown at [C:\re\workspace\8-2-build-windows-amd64-cygwin\jdk8u45\3627\hotspot\src\share\vm\prims\jni.cpp, line 709]

Events (10 events):
Event: 4.535 loading class com/google/common/hash/PrimitiveSink
Event: 4.535 loading class com/google/common/hash/PrimitiveSink done
Event: 4.536 loading class com/google/common/io/ByteSource$ConcatenatedByteSource
Event: 4.536 loading class com/google/common/io/ByteSource$ConcatenatedByteSource done
Event: 4.537 loading class com/google/common/io/ByteSource$ByteArrayByteSource
Event: 4.537 loading class com/google/common/io/ByteSource$ByteArrayByteSource done
Event: 4.538 loading class com/google/common/io/ByteSource$EmptyByteSource
Event: 4.538 loading class com/google/common/io/ByteSource$EmptyByteSource done
Event: 4.539 loading class com/google/common/io/ByteSource$SlicedByteSource
Event: 4.539 loading class com/google/common/io/ByteSource$SlicedByteSource done


Dynamic libraries:
0x000000013fc30000 - 0x000000013fc67000 	C:\Program Files\Java\jdk1.8.0_45\jre\bin\java.exe
0x0000000076fb0000 - 0x0000000077159000 	C:\Windows\SYSTEM32\ntdll.dll
0x0000000076e90000 - 0x0000000076faf000 	C:\Windows\system32\kernel32.dll
0x000007fefd0a0000 - 0x000007fefd10c000 	C:\Windows\system32\KERNELBASE.dll
0x000007fefd1a0000 - 0x000007fefd27b000 	C:\Windows\system32\ADVAPI32.dll
0x000007fefd9f0000 - 0x000007fefda8f000 	C:\Windows\system32\msvcrt.dll
0x000007fefdbb0000 - 0x000007fefdbcf000 	C:\Windows\SYSTEM32\sechost.dll
0x000007fefdc30000 - 0x000007fefdd5d000 	C:\Windows\system32\RPCRT4.dll
0x0000000076d90000 - 0x0000000076e8a000 	C:\Windows\system32\USER32.dll
0x000007fefd350000 - 0x000007fefd3b7000 	C:\Windows\system32\GDI32.dll
0x000007fefdba0000 - 0x000007fefdbae000 	C:\Windows\system32\LPK.dll
0x000007fefd280000 - 0x000007fefd349000 	C:\Windows\system32\USP10.dll
0x000007fefa970000 - 0x000007fefab64000 	C:\Windows\WinSxS\amd64_microsoft.windows.common-controls_6595b64144ccf1df_6.0.7601.18837_none_fa3b1e3d17594757\COMCTL32.dll
0x000007fefe010000 - 0x000007fefe081000 	C:\Windows\system32\SHLWAPI.dll
0x000007fefe270000 - 0x000007fefe29e000 	C:\Windows\system32\IMM32.DLL
0x000007fefda90000 - 0x000007fefdb99000 	C:\Windows\system32\MSCTF.dll
0x000000006b860000 - 0x000000006b932000 	C:\Program Files\Java\jdk1.8.0_45\jre\bin\msvcr100.dll
0x0000000056320000 - 0x0000000056ba3000 	C:\Program Files\Java\jdk1.8.0_45\jre\bin\server\jvm.dll
0x000007fef8cf0000 - 0x000007fef8cf9000 	C:\Windows\system32\WSOCK32.dll
0x000007fefd3c0000 - 0x000007fefd40d000 	C:\Windows\system32\WS2_32.dll
0x000007fefd9e0000 - 0x000007fefd9e8000 	C:\Windows\system32\NSI.dll
0x000007fef7230000 - 0x000007fef726b000 	C:\Windows\system32\WINMM.dll
0x000007fefbe00000 - 0x000007fefbe0c000 	C:\Windows\system32\VERSION.dll
0x0000000077180000 - 0x0000000077187000 	C:\Windows\system32\PSAPI.DLL
0x000000006b850000 - 0x000000006b85f000 	C:\Program Files\Java\jdk1.8.0_45\jre\bin\verify.dll
0x000000006b820000 - 0x000000006b849000 	C:\Program Files\Java\jdk1.8.0_45\jre\bin\java.dll
0x000000005d7d0000 - 0x000000005d7e6000 	C:\Program Files\Java\jdk1.8.0_45\jre\bin\zip.dll
0x000007fefe2a0000 - 0x000007feff029000 	C:\Windows\system32\SHELL32.dll
0x000007fefde00000 - 0x000007fefe003000 	C:\Windows\system32\ole32.dll
0x000007fefcd70000 - 0x000007fefcd7f000 	C:\Windows\system32\profapi.dll
0x000000005d7b0000 - 0x000000005d7ca000 	C:\Program Files\Java\jdk1.8.0_45\jre\bin\net.dll
0x000007fefc540000 - 0x000007fefc595000 	C:\Windows\system32\mswsock.dll
0x000007fefc530000 - 0x000007fefc537000 	C:\Windows\System32\wship6.dll
0x000007fefb770000 - 0x000007fefb785000 	C:\Windows\system32\NLAapi.dll
0x000007fef2f30000 - 0x000007fef2f45000 	C:\Windows\system32\napinsp.dll
0x000007fef2ed0000 - 0x000007fef2ee9000 	C:\Windows\system32\pnrpnsp.dll
0x000007fef7100000 - 0x000007fef712f000 	C:\Program Files\Common Files\Microsoft Shared\Windows Live\WLIDNSP.DLL
0x000007fefc3c0000 - 0x000007fefc41b000 	C:\Windows\system32\DNSAPI.dll
0x000007fef2ec0000 - 0x000007fef2ecb000 	C:\Windows\System32\winrnr.dll
0x000007fefbed0000 - 0x000007fefbed7000 	C:\Windows\System32\wshtcpip.dll
0x000007fefb5b0000 - 0x000007fefb5d7000 	C:\Windows\system32\IPHLPAPI.DLL
0x000007fefb5a0000 - 0x000007fefb5ab000 	C:\Windows\system32\WINNSI.DLL
0x000007fef70f0000 - 0x000007fef70f8000 	C:\Windows\system32\rasadhlp.dll
0x000007fefb430000 - 0x000007fefb483000 	C:\Windows\System32\fwpuclnt.dll
0x000000006dda0000 - 0x000000006ddad000 	C:\Program Files\Java\jdk1.8.0_45\jre\bin\management.dll
0x000007fefc5a0000 - 0x000007fefc5b8000 	C:\Windows\system32\CRYPTSP.dll
0x000007fefc2a0000 - 0x000007fefc2e7000 	C:\Windows\system32\rsaenh.dll
0x000007fefceb0000 - 0x000007fefcece000 	C:\Windows\system32\USERENV.dll
0x000007fefcc00000 - 0x000007fefcc0f000 	C:\Windows\system32\CRYPTBASE.dll
0x000007fefb3b0000 - 0x000007fefb3c1000 	C:\Windows\system32\dhcpcsvc6.DLL
0x000007fefb390000 - 0x000007fefb3a8000 	C:\Windows\system32\dhcpcsvc.DLL
0x000000005d760000 - 0x000000005d771000 	C:\Program Files\Java\jdk1.8.0_45\jre\bin\nio.dll
0x0000000002260000 - 0x0000000002284000 	C:\Program Files\Java\jdk1.8.0_45\jre\bin\sunec.dll

VM Arguments:
java_command: c:\comunidadit\ejemplo2\target\surefire\surefirebooter2027227807436531150.jar c:\comunidadit\ejemplo2\target\surefire\surefire600620456476025022tmp c:\comunidadit\ejemplo2\target\surefire\surefire_05722263889159104806tmp
java_class_path (initial): c:\comunidadit\ejemplo2\target\surefire\surefirebooter2027227807436531150.jar
Launcher Type: SUN_STANDARD

Environment Variables:
JAVA_HOME=C:\Program Files\Java\jdk1.8.0_45
CLASSPATH=C:\javamail-1.4.4\mail.jar
PATH=C:\Program Files\Common Files\Microsoft Shared\Windows Live;C:\Program Files (x86)\Common Files\Microsoft Shared\Windows Live;C:\ProgramData\Oracle\Java\javapath;C:\Program Files\MiKTeX 2.9\miktex\bin\x64;C:\Program Files (x86)\PHP\;C:\Windows\system32;C:\Windows;C:\Windows\System32\Wbem;C:\Windows\System32\WindowsPowerShell\v1.0\;C:\Program Files (x86)\EgisTec MyWinLocker\x86;C:\Program Files (x86)\EgisTec MyWinLocker\x64;C:\Program Files\TortoiseSVN\bin;C:\Program Files (x86)\Graphviz 2.28\bin;C:\Python32\Scripts;C:\Program Files (x86)\Windows Live\Shared;C:\Program Files\nodejs\;C:\Program Files (x86)\Heroku\bin;C:\Program Files (x86)\git\cmd;C:\Program Files (x86)\Skype\Phone\;C:\Users\Fran\AppData\Roaming\npm;C:\Users\Fran\AppData\Local\.meteor\;C:\apache-maven\bin\
USERNAME=Fran
OS=Windows_NT
PROCESSOR_IDENTIFIER=Intel64 Family 6 Model 37 Stepping 5, GenuineIntel



---------------  S Y S T E M  ---------------

OS: Windows 7 , 64 bit Build 7601 (6.1.7601.18869)

CPU:total 4 (2 cores per cpu, 2 threads per core) family 6 model 37 stepping 5, cmov, cx8, fxsr, mmx, sse, sse2, sse3, ssse3, sse4.1, sse4.2, popcnt, ht, tsc, tscinvbit

Memory: 4k page, physical 3854848k(737292k free), swap 5574700k(5168k free)

vm_info: Java HotSpot(TM) 64-Bit Server VM (25.45-b02) for windows-amd64 JRE (1.8.0_45-b15), built on Apr 30 2015 12:40:44 by "java_re" with MS VC++ 10.0 (VS2010)

time: Mon Aug 10 10:08:37 2015
elapsed time: 4 seconds (0d 0h 0m 4s)

