#
# There is insufficient memory for the Java Runtime Environment to continue.
# Native memory allocation (malloc) failed to allocate 91456 bytes for Chunk::new
# Possible reasons:
#   The system is out of physical RAM or swap space
#   In 32 bit mode, the process size limit was hit
# Possible solutions:
#   Reduce memory load on the system
#   Increase physical memory or swap space
#   Check if swap backing store is full
#   Use 64 bit Java on a 64 bit OS
#   Decrease Java heap size (-Xmx/-Xms)
#   Decrease number of Java threads
#   Decrease Java thread stack sizes (-Xss)
#   Set larger code cache with -XX:ReservedCodeCacheSize=
# This output file may be truncated or incomplete.
#
#  Out of Memory Error (allocation.cpp:390), pid=7356, tid=2000
#
# JRE version: Java(TM) SE Runtime Environment (8.0_45-b15) (build 1.8.0_45-b15)
# Java VM: Java HotSpot(TM) 64-Bit Server VM (25.45-b02 mixed mode windows-amd64 compressed oops)
# Failed to write core dump. Minidumps are not enabled by default on client versions of Windows
#

---------------  T H R E A D  ---------------

Current thread (0x0000000054d64800):  JavaThread "C2 CompilerThread0" daemon [_thread_in_native, id=2000, stack(0x0000000056420000,0x0000000056520000)]

Stack: [0x0000000056420000,0x0000000056520000]
Native frames: (J=compiled Java code, j=interpreted, Vv=VM code, C=native code)
V  [jvm.dll+0x32b57a]


Current CompileTask:
C2:  14862 4239 % !   4       java.io.BufferedReader::readLine @ 131 (304 bytes)


---------------  P R O C E S S  ---------------

Java Threads: ( => current thread )
  0x0000000058df6000 JavaThread "Thread-2" [_thread_in_native, id=10840, stack(0x000000005d790000,0x000000005d890000)]
  0x00000000570d2800 JavaThread "Thread-1" [_thread_in_native, id=8560, stack(0x000000005be40000,0x000000005bf40000)]
  0x0000000059dad800 JavaThread "ThreadedStreamConsumer" [_thread_in_native, id=6732, stack(0x000000005d2d0000,0x000000005d3d0000)]
  0x0000000059e4d800 JavaThread "resolver-4" daemon [_thread_blocked, id=9684, stack(0x000000005cfa0000,0x000000005d0a0000)]
  0x000000005cf18800 JavaThread "resolver-3" daemon [_thread_blocked, id=10804, stack(0x0000000059540000,0x0000000059640000)]
  0x000000005bfc8800 JavaThread "resolver-2" daemon [_thread_blocked, id=10048, stack(0x000000005bd40000,0x000000005be40000)]
  0x000000005b7fd800 JavaThread "resolver-1" daemon [_thread_blocked, id=4612, stack(0x000000005bbd0000,0x000000005bcd0000)]
  0x0000000056821800 JavaThread "Service Thread" daemon [_thread_blocked, id=10016, stack(0x0000000056db0000,0x0000000056eb0000)]
  0x00000000567c0800 JavaThread "C1 CompilerThread2" daemon [_thread_blocked, id=10460, stack(0x0000000056c70000,0x0000000056d70000)]
  0x0000000054d68800 JavaThread "C2 CompilerThread1" daemon [_thread_blocked, id=11004, stack(0x00000000566c0000,0x00000000567c0000)]
=>0x0000000054d64800 JavaThread "C2 CompilerThread0" daemon [_thread_in_native, id=2000, stack(0x0000000056420000,0x0000000056520000)]
  0x0000000054d6e000 JavaThread "Attach Listener" daemon [_thread_blocked, id=10880, stack(0x0000000056240000,0x0000000056340000)]
  0x0000000054d6c800 JavaThread "Signal Dispatcher" daemon [_thread_blocked, id=4916, stack(0x0000000056070000,0x0000000056170000)]
  0x0000000054d07000 JavaThread "Finalizer" daemon [_thread_blocked, id=10756, stack(0x0000000055d20000,0x0000000055e20000)]
  0x0000000054d00000 JavaThread "Reference Handler" daemon [_thread_blocked, id=10924, stack(0x0000000055f40000,0x0000000056040000)]
  0x000000000225e800 JavaThread "main" [_thread_in_native, id=10572, stack(0x0000000002320000,0x0000000002420000)]

Other Threads:
  0x0000000054cfa800 VMThread [stack: 0x0000000055e40000,0x0000000055f40000] [id=6272]
  0x0000000056833000 WatcherThread [stack: 0x0000000056560000,0x0000000056660000] [id=3200]

VM state:not at safepoint (normal execution)

VM Mutex/Monitor currently owned by a thread: None

Heap:
 PSYoungGen      total 131584K, used 85673K [0x00000000ec600000, 0x00000000fa000000, 0x0000000100000000)
  eden space 120832K, 70% used [0x00000000ec600000,0x00000000f19aa420,0x00000000f3c00000)
  from space 10752K, 0% used [0x00000000f3c00000,0x00000000f3c00000,0x00000000f4680000)
  to   space 14848K, 0% used [0x00000000f9180000,0x00000000f9180000,0x00000000fa000000)
 ParOldGen       total 48128K, used 22263K [0x00000000c5200000, 0x00000000c8100000, 0x00000000ec600000)
  object space 48128K, 46% used [0x00000000c5200000,0x00000000c67bdd08,0x00000000c8100000)
 Metaspace       used 22867K, capacity 23482K, committed 23680K, reserved 1071104K
  class space    used 2712K, capacity 2894K, committed 2944K, reserved 1048576K

Card table byte_map: [0x0000000011ab0000,0x0000000011c90000] byte_map_base: 0x0000000011487000

Marking Bits: (ParMarkBitMap*) 0x0000000057eb4040
 Begin Bits: [0x0000000012420000, 0x00000000132d8000)
 End Bits:   [0x00000000132d8000, 0x0000000014190000)

Polling page: 0x0000000001b60000

CodeCache: size=245760Kb used=14169Kb max_used=14926Kb free=231590Kb
 bounds [0x00000000026f0000, 0x00000000035a0000, 0x00000000116f0000]
 total_blobs=4374 nmethods=3993 adapters=293
 compilation: enabled

Compilation events (10 events):
Event: 10.626 Thread 0x0000000054d68800 nmethod 4234 0x000000000284ca90 code [0x000000000284cbc0, 0x000000000284cc38]
Event: 10.630 Thread 0x0000000054d64800 4235       4       java.nio.ByteBuffer::hasArray (20 bytes)
Event: 10.631 Thread 0x0000000054d64800 nmethod 4235 0x0000000002afa390 code [0x0000000002afa4c0, 0x0000000002afa538]
Event: 10.635 Thread 0x00000000567c0800 4236       3       sun.misc.Unsafe::getAndAddInt (27 bytes)
Event: 10.635 Thread 0x00000000567c0800 nmethod 4236 0x000000000281ba90 code [0x000000000281bc00, 0x000000000281be10]
Event: 13.722 Thread 0x0000000054d68800 4238       4       java.util.concurrent.locks.AbstractQueuedSynchronizer::release (33 bytes)
Event: 13.725 Thread 0x0000000054d68800 nmethod 4238 0x000000000280fcd0 code [0x000000000280fe20, 0x000000000280ff48]
Event: 14.748 Thread 0x0000000054d64800 4239 % !   4       java.io.BufferedReader::readLine @ 131 (304 bytes)
Event: 14.748 Thread 0x00000000567c0800 4240   !   3       org.apache.maven.surefire.util.internal.StringUtils::unescapeJava (356 bytes)
Event: 14.754 Thread 0x00000000567c0800 nmethod 4240 0x0000000002967610 code [0x0000000002967b20, 0x000000000296c2e8]

GC Heap History (10 events):
Event: 3.626 GC heap before
{Heap before GC invocations=6 (full 0):
 PSYoungGen      total 33280K, used 33248K [0x00000000ec600000, 0x00000000f1100000, 0x0000000100000000)
  eden space 30720K, 100% used [0x00000000ec600000,0x00000000ee400000,0x00000000ee400000)
  from space 2560K, 98% used [0x00000000ee400000,0x00000000ee678020,0x00000000ee680000)
  to   space 7680K, 0% used [0x00000000f0980000,0x00000000f0980000,0x00000000f1100000)
 ParOldGen       total 40960K, used 9334K [0x00000000c5200000, 0x00000000c7a00000, 0x00000000ec600000)
  object space 40960K, 22% used [0x00000000c5200000,0x00000000c5b1d8a0,0x00000000c7a00000)
 Metaspace       used 14718K, capacity 15006K, committed 15232K, reserved 1062912K
  class space    used 1783K, capacity 1887K, committed 1920K, reserved 1048576K
Event: 3.639 GC heap after
Heap after GC invocations=6 (full 0):
 PSYoungGen      total 68096K, used 4592K [0x00000000ec600000, 0x00000000f1000000, 0x0000000100000000)
  eden space 61440K, 0% used [0x00000000ec600000,0x00000000ec600000,0x00000000f0200000)
  from space 6656K, 68% used [0x00000000f0980000,0x00000000f0dfc030,0x00000000f1000000)
  to   space 7168K, 0% used [0x00000000f0200000,0x00000000f0200000,0x00000000f0900000)
 ParOldGen       total 40960K, used 9334K [0x00000000c5200000, 0x00000000c7a00000, 0x00000000ec600000)
  object space 40960K, 22% used [0x00000000c5200000,0x00000000c5b1d8a0,0x00000000c7a00000)
 Metaspace       used 14718K, capacity 15006K, committed 15232K, reserved 1062912K
  class space    used 1783K, capacity 1887K, committed 1920K, reserved 1048576K
}
Event: 5.196 GC heap before
{Heap before GC invocations=7 (full 0):
 PSYoungGen      total 68096K, used 66032K [0x00000000ec600000, 0x00000000f1000000, 0x0000000100000000)
  eden space 61440K, 100% used [0x00000000ec600000,0x00000000f0200000,0x00000000f0200000)
  from space 6656K, 68% used [0x00000000f0980000,0x00000000f0dfc030,0x00000000f1000000)
  to   space 7168K, 0% used [0x00000000f0200000,0x00000000f0200000,0x00000000f0900000)
 ParOldGen       total 40960K, used 9334K [0x00000000c5200000, 0x00000000c7a00000, 0x00000000ec600000)
  object space 40960K, 22% used [0x00000000c5200000,0x00000000c5b1d8a0,0x00000000c7a00000)
 Metaspace       used 15624K, capacity 16134K, committed 16384K, reserved 1062912K
  class space    used 1869K, capacity 2003K, committed 2048K, reserved 1048576K
Event: 5.218 GC heap after
Heap after GC invocations=7 (full 0):
 PSYoungGen      total 68608K, used 7152K [0x00000000ec600000, 0x00000000f4f00000, 0x0000000100000000)
  eden space 61440K, 0% used [0x00000000ec600000,0x00000000ec600000,0x00000000f0200000)
  from space 7168K, 99% used [0x00000000f0200000,0x00000000f08fc010,0x00000000f0900000)
  to   space 8704K, 0% used [0x00000000f4680000,0x00000000f4680000,0x00000000f4f00000)
 ParOldGen       total 40960K, used 10175K [0x00000000c5200000, 0x00000000c7a00000, 0x00000000ec600000)
  object space 40960K, 24% used [0x00000000c5200000,0x00000000c5befe80,0x00000000c7a00000)
 Metaspace       used 15624K, capacity 16134K, committed 16384K, reserved 1062912K
  class space    used 1869K, capacity 2003K, committed 2048K, reserved 1048576K
}
Event: 7.146 GC heap before
{Heap before GC invocations=8 (full 0):
 PSYoungGen      total 68608K, used 68592K [0x00000000ec600000, 0x00000000f4f00000, 0x0000000100000000)
  eden space 61440K, 100% used [0x00000000ec600000,0x00000000f0200000,0x00000000f0200000)
  from space 7168K, 99% used [0x00000000f0200000,0x00000000f08fc010,0x00000000f0900000)
  to   space 8704K, 0% used [0x00000000f4680000,0x00000000f4680000,0x00000000f4f00000)
 ParOldGen       total 40960K, used 10175K [0x00000000c5200000, 0x00000000c7a00000, 0x00000000ec600000)
  object space 40960K, 24% used [0x00000000c5200000,0x00000000c5befe80,0x00000000c7a00000)
 Metaspace       used 19981K, capacity 20482K, committed 20736K, reserved 1067008K
  class space    used 2403K, capacity 2539K, committed 2560K, reserved 1048576K
Event: 7.219 GC heap after
Heap after GC invocations=8 (full 0):
 PSYoungGen      total 129536K, used 8675K [0x00000000ec600000, 0x00000000f5300000, 0x0000000100000000)
  eden space 120832K, 0% used [0x00000000ec600000,0x00000000ec600000,0x00000000f3c00000)
  from space 8704K, 99% used [0x00000000f4680000,0x00000000f4ef8e88,0x00000000f4f00000)
  to   space 10752K, 0% used [0x00000000f3c00000,0x00000000f3c00000,0x00000000f4680000)
 ParOldGen       total 40960K, used 12472K [0x00000000c5200000, 0x00000000c7a00000, 0x00000000ec600000)
  object space 40960K, 30% used [0x00000000c5200000,0x00000000c5e2e218,0x00000000c7a00000)
 Metaspace       used 19981K, capacity 20482K, committed 20736K, reserved 1067008K
  class space    used 2403K, capacity 2539K, committed 2560K, reserved 1048576K
}
Event: 7.644 GC heap before
{Heap before GC invocations=9 (full 0):
 PSYoungGen      total 129536K, used 31379K [0x00000000ec600000, 0x00000000f5300000, 0x0000000100000000)
  eden space 120832K, 18% used [0x00000000ec600000,0x00000000edc2bf38,0x00000000f3c00000)
  from space 8704K, 99% used [0x00000000f4680000,0x00000000f4ef8e88,0x00000000f4f00000)
  to   space 10752K, 0% used [0x00000000f3c00000,0x00000000f3c00000,0x00000000f4680000)
 ParOldGen       total 40960K, used 12472K [0x00000000c5200000, 0x00000000c7a00000, 0x00000000ec600000)
  object space 40960K, 30% used [0x00000000c5200000,0x00000000c5e2e218,0x00000000c7a00000)
 Metaspace       used 20616K, capacity 21154K, committed 21296K, reserved 1069056K
  class space    used 2475K, capacity 2635K, committed 2688K, reserved 1048576K
Event: 7.738 GC heap after
Heap after GC invocations=9 (full 0):
 PSYoungGen      total 131584K, used 10740K [0x00000000ec600000, 0x00000000fa000000, 0x0000000100000000)
  eden space 120832K, 0% used [0x00000000ec600000,0x00000000ec600000,0x00000000f3c00000)
  from space 10752K, 99% used [0x00000000f3c00000,0x00000000f467d210,0x00000000f4680000)
  to   space 14848K, 0% used [0x00000000f9180000,0x00000000f9180000,0x00000000fa000000)
 ParOldGen       total 40960K, used 18530K [0x00000000c5200000, 0x00000000c7a00000, 0x00000000ec600000)
  object space 40960K, 45% used [0x00000000c5200000,0x00000000c64189c8,0x00000000c7a00000)
 Metaspace       used 20616K, capacity 21154K, committed 21296K, reserved 1069056K
  class space    used 2475K, capacity 2635K, committed 2688K, reserved 1048576K
}
Event: 7.738 GC heap before
{Heap before GC invocations=10 (full 1):
 PSYoungGen      total 131584K, used 10740K [0x00000000ec600000, 0x00000000fa000000, 0x0000000100000000)
  eden space 120832K, 0% used [0x00000000ec600000,0x00000000ec600000,0x00000000f3c00000)
  from space 10752K, 99% used [0x00000000f3c00000,0x00000000f467d210,0x00000000f4680000)
  to   space 14848K, 0% used [0x00000000f9180000,0x00000000f9180000,0x00000000fa000000)
 ParOldGen       total 40960K, used 18530K [0x00000000c5200000, 0x00000000c7a00000, 0x00000000ec600000)
  object space 40960K, 45% used [0x00000000c5200000,0x00000000c64189c8,0x00000000c7a00000)
 Metaspace       used 20616K, capacity 21154K, committed 21296K, reserved 1069056K
  class space    used 2475K, capacity 2635K, committed 2688K, reserved 1048576K
Event: 7.920 GC heap after
Heap after GC invocations=10 (full 1):
 PSYoungGen      total 131584K, used 0K [0x00000000ec600000, 0x00000000fa000000, 0x0000000100000000)
  eden space 120832K, 0% used [0x00000000ec600000,0x00000000ec600000,0x00000000f3c00000)
  from space 10752K, 0% used [0x00000000f3c00000,0x00000000f3c00000,0x00000000f4680000)
  to   space 14848K, 0% used [0x00000000f9180000,0x00000000f9180000,0x00000000fa000000)
 ParOldGen       total 48128K, used 22263K [0x00000000c5200000, 0x00000000c8100000, 0x00000000ec600000)
  object space 48128K, 46% used [0x00000000c5200000,0x00000000c67bdd08,0x00000000c8100000)
 Metaspace       used 20616K, capacity 21154K, committed 21296K, reserved 1069056K
  class space    used 2475K, capacity 2635K, committed 2688K, reserved 1048576K
}

Deoptimization events (10 events):
Event: 10.601 Thread 0x0000000059dad800 Uncommon trap: reason=class_check action=maybe_recompile pc=0x0000000002dd792c method=java.util.Hashtable.put(Ljava/lang/Object;Ljava/lang/Object;)Ljava/lang/Object; @ 18
Event: 10.601 Thread 0x0000000059dad800 Uncommon trap: reason=class_check action=maybe_recompile pc=0x0000000002dd792c method=java.util.Hashtable.put(Ljava/lang/Object;Ljava/lang/Object;)Ljava/lang/Object; @ 18
Event: 10.601 Thread 0x0000000059dad800 Uncommon trap: reason=class_check action=maybe_recompile pc=0x0000000002dd4824 method=java.util.Hashtable.addEntry(ILjava/lang/Object;Ljava/lang/Object;I)V @ 38
Event: 10.601 Thread 0x0000000059dad800 Uncommon trap: reason=class_check action=maybe_recompile pc=0x0000000002dd4824 method=java.util.Hashtable.addEntry(ILjava/lang/Object;Ljava/lang/Object;I)V @ 38
Event: 10.613 Thread 0x0000000059dad800 Uncommon trap: reason=class_check action=maybe_recompile pc=0x0000000002dd4824 method=java.util.Hashtable.addEntry(ILjava/lang/Object;Ljava/lang/Object;I)V @ 38
Event: 14.759 Thread 0x0000000059dad800 Uncommon trap: reason=null_check action=make_not_entrant pc=0x00000000029952c4 method=java.lang.StringCoding.decode(Ljava/lang/String;[BII)[C @ 6
Event: 14.759 Thread 0x0000000059dad800 Uncommon trap: reason=class_check action=maybe_recompile pc=0x0000000002a280e4 method=java.lang.StringCoding$StringDecoder.decode([BII)[C @ 30
Event: 14.759 Thread 0x0000000059dad800 Uncommon trap: reason=class_check action=maybe_recompile pc=0x0000000002a280e4 method=java.lang.StringCoding$StringDecoder.decode([BII)[C @ 30
Event: 14.759 Thread 0x0000000059dad800 Uncommon trap: reason=class_check action=maybe_recompile pc=0x0000000002a280e4 method=java.lang.StringCoding$StringDecoder.decode([BII)[C @ 30
Event: 14.759 Thread 0x0000000059dad800 Uncommon trap: reason=class_check action=maybe_recompile pc=0x0000000002a280e4 method=java.lang.StringCoding$StringDecoder.decode([BII)[C @ 30

Internal exceptions (10 events):
Event: 8.549 Thread 0x000000000225e800 Exception <a 'java/security/PrivilegedActionException'> (0x00000000ee501568) thrown at [C:\re\workspace\8-2-build-windows-amd64-cygwin\jdk8u45\3627\hotspot\src\share\vm\prims\jvm.cpp, line 1382]
Event: 8.574 Thread 0x000000000225e800 Exception <a 'java/io/FileNotFoundException'> (0x00000000ee56afc0) thrown at [C:\re\workspace\8-2-build-windows-amd64-cygwin\jdk8u45\3627\hotspot\src\share\vm\prims\jni.cpp, line 709]
Event: 8.575 Thread 0x000000000225e800 Exception <a 'java/io/FileNotFoundException'> (0x00000000ee56c9f0) thrown at [C:\re\workspace\8-2-build-windows-amd64-cygwin\jdk8u45\3627\hotspot\src\share\vm\prims\jni.cpp, line 709]
Event: 8.593 Thread 0x000000000225e800 Exception <a 'java/io/FileNotFoundException'> (0x00000000ee5892b0) thrown at [C:\re\workspace\8-2-build-windows-amd64-cygwin\jdk8u45\3627\hotspot\src\share\vm\prims\jni.cpp, line 709]
Event: 8.610 Thread 0x000000000225e800 Exception <a 'java/io/FileNotFoundException'> (0x00000000ee7055a0) thrown at [C:\re\workspace\8-2-build-windows-amd64-cygwin\jdk8u45\3627\hotspot\src\share\vm\prims\jni.cpp, line 709]
Event: 8.610 Thread 0x000000000225e800 Exception <a 'java/io/FileNotFoundException'> (0x00000000ee706310) thrown at [C:\re\workspace\8-2-build-windows-amd64-cygwin\jdk8u45\3627\hotspot\src\share\vm\prims\jni.cpp, line 709]
Event: 8.611 Thread 0x000000000225e800 Exception <a 'java/io/FileNotFoundException'> (0x00000000ee707078) thrown at [C:\re\workspace\8-2-build-windows-amd64-cygwin\jdk8u45\3627\hotspot\src\share\vm\prims\jni.cpp, line 709]
Event: 8.612 Thread 0x000000000225e800 Exception <a 'java/io/FileNotFoundException'> (0x00000000ee711708) thrown at [C:\re\workspace\8-2-build-windows-amd64-cygwin\jdk8u45\3627\hotspot\src\share\vm\prims\jni.cpp, line 709]
Event: 9.059 Thread 0x000000000225e800 Implicit null exception at 0x00000000034df89f to 0x00000000034dfae1
Event: 14.759 Thread 0x0000000059dad800 Implicit null exception at 0x0000000002994c00 to 0x00000000029952a9

Events (10 events):
Event: 14.759 Thread 0x0000000059dad800 Uncommon trap: trap_request=0xffffffde fr.pc=0x0000000002a280e4
Event: 14.759 Thread 0x0000000059dad800 DEOPT PACKING pc=0x0000000002a280e4 sp=0x000000005d3cee00
Event: 14.759 Thread 0x0000000059dad800 DEOPT UNPACKING pc=0x000000000273582a sp=0x000000005d3cedd0 mode 2
Event: 14.759 Thread 0x0000000059dad800 Uncommon trap: trap_request=0xffffffde fr.pc=0x0000000002a280e4
Event: 14.759 Thread 0x0000000059dad800 DEOPT PACKING pc=0x0000000002a280e4 sp=0x000000005d3cee00
Event: 14.759 Thread 0x0000000059dad800 DEOPT UNPACKING pc=0x000000000273582a sp=0x000000005d3cedd0 mode 2
Event: 14.760 loading class org/apache/maven/surefire/report/SafeThrowable
Event: 14.760 loading class org/apache/maven/surefire/report/SafeThrowable done
Event: 14.760 loading class org/apache/maven/surefire/report/SafeThrowable
Event: 14.760 loading class org/apache/maven/surefire/report/SafeThrowable done


Dynamic libraries:
0x000000013fc10000 - 0x000000013fc47000 	C:\Program Files\Java\jdk1.8.0_45\bin\java.exe
0x0000000076fb0000 - 0x0000000077159000 	C:\Windows\SYSTEM32\ntdll.dll
0x0000000076e90000 - 0x0000000076faf000 	C:\Windows\system32\kernel32.dll
0x000007fefd0a0000 - 0x000007fefd10c000 	C:\Windows\system32\KERNELBASE.dll
0x000007fefd1a0000 - 0x000007fefd27b000 	C:\Windows\system32\ADVAPI32.dll
0x000007fefd9f0000 - 0x000007fefda8f000 	C:\Windows\system32\msvcrt.dll
0x000007fefdbb0000 - 0x000007fefdbcf000 	C:\Windows\SYSTEM32\sechost.dll
0x000007fefdc30000 - 0x000007fefdd5d000 	C:\Windows\system32\RPCRT4.dll
0x0000000076d90000 - 0x0000000076e8a000 	C:\Windows\system32\USER32.dll
0x000007fefd350000 - 0x000007fefd3b7000 	C:\Windows\system32\GDI32.dll
0x000007fefdba0000 - 0x000007fefdbae000 	C:\Windows\system32\LPK.dll
0x000007fefd280000 - 0x000007fefd349000 	C:\Windows\system32\USP10.dll
0x000007fefa970000 - 0x000007fefab64000 	C:\Windows\WinSxS\amd64_microsoft.windows.common-controls_6595b64144ccf1df_6.0.7601.18837_none_fa3b1e3d17594757\COMCTL32.dll
0x000007fefe010000 - 0x000007fefe081000 	C:\Windows\system32\SHLWAPI.dll
0x000007fefe270000 - 0x000007fefe29e000 	C:\Windows\system32\IMM32.DLL
0x000007fefda90000 - 0x000007fefdb99000 	C:\Windows\system32\MSCTF.dll
0x000000006b860000 - 0x000000006b932000 	C:\Program Files\Java\jdk1.8.0_45\jre\bin\msvcr100.dll
0x00000000576b0000 - 0x0000000057f33000 	C:\Program Files\Java\jdk1.8.0_45\jre\bin\server\jvm.dll
0x000007fef8cf0000 - 0x000007fef8cf9000 	C:\Windows\system32\WSOCK32.dll
0x000007fefd3c0000 - 0x000007fefd40d000 	C:\Windows\system32\WS2_32.dll
0x000007fefd9e0000 - 0x000007fefd9e8000 	C:\Windows\system32\NSI.dll
0x000007fef7230000 - 0x000007fef726b000 	C:\Windows\system32\WINMM.dll
0x000007fefbe00000 - 0x000007fefbe0c000 	C:\Windows\system32\VERSION.dll
0x0000000077180000 - 0x0000000077187000 	C:\Windows\system32\PSAPI.DLL
0x000000006dda0000 - 0x000000006ddaf000 	C:\Program Files\Java\jdk1.8.0_45\jre\bin\verify.dll
0x000000006b830000 - 0x000000006b859000 	C:\Program Files\Java\jdk1.8.0_45\jre\bin\java.dll
0x0000000062de0000 - 0x0000000062df6000 	C:\Program Files\Java\jdk1.8.0_45\jre\bin\zip.dll
0x000007fefe2a0000 - 0x000007feff029000 	C:\Windows\system32\SHELL32.dll
0x000007fefde00000 - 0x000007fefe003000 	C:\Windows\system32\ole32.dll
0x000007fefcd70000 - 0x000007fefcd7f000 	C:\Windows\system32\profapi.dll
0x000000005e490000 - 0x000000005e4aa000 	C:\Program Files\Java\jdk1.8.0_45\jre\bin\net.dll
0x000007fefc540000 - 0x000007fefc595000 	C:\Windows\system32\mswsock.dll
0x000007fefc530000 - 0x000007fefc537000 	C:\Windows\System32\wship6.dll
0x000000005e470000 - 0x000000005e481000 	C:\Program Files\Java\jdk1.8.0_45\jre\bin\nio.dll
0x000007fefc5a0000 - 0x000007fefc5b8000 	C:\Windows\system32\CRYPTSP.dll
0x000007fefc2a0000 - 0x000007fefc2e7000 	C:\Windows\system32\rsaenh.dll
0x000007fefceb0000 - 0x000007fefcece000 	C:\Windows\system32\USERENV.dll
0x000007fefcc00000 - 0x000007fefcc0f000 	C:\Windows\system32\CRYPTBASE.dll
0x000007fefb5b0000 - 0x000007fefb5d7000 	C:\Windows\system32\IPHLPAPI.DLL
0x000007fefb5a0000 - 0x000007fefb5ab000 	C:\Windows\system32\WINNSI.DLL
0x000007fefb3b0000 - 0x000007fefb3c1000 	C:\Windows\system32\dhcpcsvc6.DLL
0x000007fefb390000 - 0x000007fefb3a8000 	C:\Windows\system32\dhcpcsvc.DLL
0x000007fefcba0000 - 0x000007fefcbf7000 	C:\Windows\system32\apphelp.dll

VM Arguments:
jvm_args: -Dclassworlds.conf=C:\apache-maven\bin\..\bin\m2.conf -Dmaven.home=C:\apache-maven\bin\.. -Dmaven.multiModuleProjectDirectory=c:\comunidadit\ejemplo2 
java_command: org.codehaus.plexus.classworlds.launcher.Launcher clean install
java_class_path (initial): C:\apache-maven\bin\..\boot\plexus-classworlds-2.5.2.jar
Launcher Type: SUN_STANDARD

Environment Variables:
JAVA_HOME=C:\Program Files\Java\jdk1.8.0_45
CLASSPATH=C:\javamail-1.4.4\mail.jar
PATH=C:\Program Files\Common Files\Microsoft Shared\Windows Live;C:\Program Files (x86)\Common Files\Microsoft Shared\Windows Live;C:\ProgramData\Oracle\Java\javapath;C:\Program Files\MiKTeX 2.9\miktex\bin\x64;C:\Program Files (x86)\PHP\;C:\Windows\system32;C:\Windows;C:\Windows\System32\Wbem;C:\Windows\System32\WindowsPowerShell\v1.0\;C:\Program Files (x86)\EgisTec MyWinLocker\x86;C:\Program Files (x86)\EgisTec MyWinLocker\x64;C:\Program Files\TortoiseSVN\bin;C:\Program Files (x86)\Graphviz 2.28\bin;C:\Python32\Scripts;C:\Program Files (x86)\Windows Live\Shared;C:\Program Files\nodejs\;C:\Program Files (x86)\Heroku\bin;C:\Program Files (x86)\git\cmd;C:\Program Files (x86)\Skype\Phone\;C:\Users\Fran\AppData\Roaming\npm;C:\Users\Fran\AppData\Local\.meteor\;C:\apache-maven\bin\
USERNAME=Fran
OS=Windows_NT
PROCESSOR_IDENTIFIER=Intel64 Family 6 Model 37 Stepping 5, GenuineIntel



---------------  S Y S T E M  ---------------

OS: Windows 7 , 64 bit Build 7601 (6.1.7601.18869)

CPU:total 4 (2 cores per cpu, 2 threads per core) family 6 model 37 stepping 5, cmov, cx8, fxsr, mmx, sse, sse2, sse3, ssse3, sse4.1, sse4.2, popcnt, ht, tsc, tscinvbit

Memory: 4k page, physical 3854848k(717244k free), swap 5574700k(5104k free)

vm_info: Java HotSpot(TM) 64-Bit Server VM (25.45-b02) for windows-amd64 JRE (1.8.0_45-b15), built on Apr 30 2015 12:40:44 by "java_re" with MS VC++ 10.0 (VS2010)

time: Mon Aug 10 10:09:27 2015
elapsed time: 14 seconds (0d 0h 0m 14s)

